This file contains any messages produced by compilers while
running configure, to aid debugging if configure makes a mistake.

It was created by MIT Language Modeling Toolkit configure 0.4.2, which was
generated by GNU Autoconf 2.69.  Invocation command line was

  $ ./configure --enable-maintainer-mode

## --------- ##
## Platform. ##
## --------- ##

hostname = ip-128-239-131-186.v4.wm.edu
uname -m = x86_64
uname -r = 18.2.0
uname -s = Darwin
uname -v = Darwin Kernel Version 18.2.0: Mon Nov 12 20:24:46 PST 2018; root:xnu-4903.231.4~2/RELEASE_X86_64

/usr/bin/uname -p = i386
/bin/uname -X     = unknown

/bin/arch              = unknown
/usr/bin/arch -k       = unknown
/usr/convex/getsysinfo = unknown
/usr/bin/hostinfo      = Mach kernel version:
	 Darwin Kernel Version 18.2.0: Mon Nov 12 20:24:46 PST 2018; root:xnu-4903.231.4~2/RELEASE_X86_64
Kernel configured for up to 4 processors.
2 processors are physically available.
4 processors are logically available.
Processor type: x86_64h (Intel x86-64h Haswell)
Processors active: 0 1 2 3
Primary memory available: 16.00 gigabytes
Default processor set: 467 tasks, 2873 threads, 4 processors
Load average: 2.34, Mach factor: 1.65
/bin/machine           = unknown
/usr/bin/oslevel       = unknown
/bin/universe          = unknown

PATH: /Users/sunilmanandhar/anaconda3/bin
PATH: /usr/local/bin
PATH: /usr/bin
PATH: /bin
PATH: /usr/sbin
PATH: /sbin
PATH: /Library/TeX/texbin


## ----------- ##
## Core tests. ##
## ----------- ##

configure:2506: checking for a BSD-compatible install
configure:2574: result: /usr/bin/install -c
configure:2585: checking whether build environment is sane
configure:2640: result: yes
configure:2791: checking for a thread-safe mkdir -p
configure:2830: result: build-aux/install-sh -c -d
configure:2837: checking for gawk
configure:2867: result: no
configure:2837: checking for mawk
configure:2867: result: no
configure:2837: checking for nawk
configure:2867: result: no
configure:2837: checking for awk
configure:2853: found /usr/bin/awk
configure:2864: result: awk
configure:2875: checking whether make sets $(MAKE)
configure:2897: result: yes
configure:2926: checking whether make supports nested variables
configure:2943: result: yes
configure:3071: checking whether to enable maintainer-specific portions of Makefiles
configure:3080: result: yes
configure:3142: checking for gcc
configure:3158: found /usr/bin/gcc
configure:3169: result: gcc
configure:3398: checking for C compiler version
configure:3407: gcc --version >&5
Apple LLVM version 10.0.0 (clang-1000.10.44.4)
Target: x86_64-apple-darwin18.2.0
Thread model: posix
InstalledDir: /Library/Developer/CommandLineTools/usr/bin
Configured with: --prefix=/Library/Developer/CommandLineTools/usr --with-gxx-include-dir=/usr/include/c++/4.2.1
configure:3418: $? = 0
configure:3407: gcc -v >&5
Configured with: --prefix=/Library/Developer/CommandLineTools/usr --with-gxx-include-dir=/usr/include/c++/4.2.1
Apple LLVM version 10.0.0 (clang-1000.10.44.4)
Target: x86_64-apple-darwin18.2.0
Thread model: posix
InstalledDir: /Library/Developer/CommandLineTools/usr/bin
configure:3418: $? = 0
configure:3407: gcc -V >&5
clang: error: argument to '-V' is missing (expected 1 value)
clang: error: no input files
configure:3418: $? = 1
configure:3407: gcc -qversion >&5
clang: error: unknown argument: '-qversion'
clang: error: no input files
configure:3418: $? = 1
configure:3438: checking whether the C compiler works
configure:3460: gcc    conftest.c  >&5
configure:3464: $? = 0
configure:3512: result: yes
configure:3515: checking for C compiler default output file name
configure:3517: result: a.out
configure:3523: checking for suffix of executables
configure:3530: gcc -o conftest    conftest.c  >&5
configure:3534: $? = 0
configure:3556: result: 
configure:3578: checking whether we are cross compiling
configure:3586: gcc -o conftest    conftest.c  >&5
configure:3590: $? = 0
configure:3597: ./conftest
configure:3601: $? = 0
configure:3616: result: no
configure:3621: checking for suffix of object files
configure:3643: gcc -c   conftest.c >&5
configure:3647: $? = 0
configure:3668: result: o
configure:3672: checking whether we are using the GNU C compiler
configure:3691: gcc -c   conftest.c >&5
configure:3691: $? = 0
configure:3700: result: yes
configure:3709: checking whether gcc accepts -g
configure:3729: gcc -c -g  conftest.c >&5
configure:3729: $? = 0
configure:3770: result: yes
configure:3787: checking for gcc option to accept ISO C89
configure:3850: gcc  -c -g -O2  conftest.c >&5
configure:3850: $? = 0
configure:3863: result: none needed
configure:3888: checking whether gcc understands -c and -o together
configure:3910: gcc -c conftest.c -o conftest2.o
configure:3913: $? = 0
configure:3910: gcc -c conftest.c -o conftest2.o
configure:3913: $? = 0
configure:3925: result: yes
configure:3953: checking for style of include used by make
configure:3981: result: GNU
configure:4007: checking dependency style of gcc
configure:4118: result: gcc3
configure:4191: checking for g++
configure:4207: found /usr/bin/g++
configure:4218: result: g++
configure:4245: checking for C++ compiler version
configure:4254: g++ --version >&5
Apple LLVM version 10.0.0 (clang-1000.10.44.4)
Target: x86_64-apple-darwin18.2.0
Thread model: posix
InstalledDir: /Library/Developer/CommandLineTools/usr/bin
Configured with: --prefix=/Library/Developer/CommandLineTools/usr --with-gxx-include-dir=/usr/include/c++/4.2.1
configure:4265: $? = 0
configure:4254: g++ -v >&5
Configured with: --prefix=/Library/Developer/CommandLineTools/usr --with-gxx-include-dir=/usr/include/c++/4.2.1
Apple LLVM version 10.0.0 (clang-1000.10.44.4)
Target: x86_64-apple-darwin18.2.0
Thread model: posix
InstalledDir: /Library/Developer/CommandLineTools/usr/bin
configure:4265: $? = 0
configure:4254: g++ -V >&5
clang: error: argument to '-V' is missing (expected 1 value)
clang: error: no input files
configure:4265: $? = 1
configure:4254: g++ -qversion >&5
clang: error: unknown argument: '-qversion'
clang: error: no input files
configure:4265: $? = 1
configure:4269: checking whether we are using the GNU C++ compiler
configure:4288: g++ -c   conftest.cpp >&5
configure:4288: $? = 0
configure:4297: result: yes
configure:4306: checking whether g++ accepts -g
configure:4326: g++ -c -g  conftest.cpp >&5
configure:4326: $? = 0
configure:4367: result: yes
configure:4392: checking dependency style of g++
configure:4503: result: gcc3
configure:4571: checking for g77
configure:4601: result: no
configure:4571: checking for xlf
configure:4601: result: no
configure:4571: checking for f77
configure:4601: result: no
configure:4571: checking for frt
configure:4601: result: no
configure:4571: checking for pgf77
configure:4601: result: no
configure:4571: checking for cf77
configure:4601: result: no
configure:4571: checking for fort77
configure:4601: result: no
configure:4571: checking for fl32
configure:4601: result: no
configure:4571: checking for af77
configure:4601: result: no
configure:4571: checking for xlf90
configure:4601: result: no
configure:4571: checking for f90
configure:4601: result: no
configure:4571: checking for pgf90
configure:4601: result: no
configure:4571: checking for pghpf
configure:4601: result: no
configure:4571: checking for epcf90
configure:4601: result: no
configure:4571: checking for gfortran
configure:4587: found /usr/local/bin/gfortran
configure:4598: result: gfortran
configure:4624: checking for Fortran 77 compiler version
configure:4633: gfortran --version >&5
GNU Fortran (GCC) 8.2.0
Copyright (C) 2018 Free Software Foundation, Inc.
This is free software; see the source for copying conditions.  There is NO
warranty; not even for MERCHANTABILITY or FITNESS FOR A PARTICULAR PURPOSE.

configure:4644: $? = 0
configure:4633: gfortran -v >&5
Using built-in specs.
COLLECT_GCC=gfortran
COLLECT_LTO_WRAPPER=/usr/local/gfortran/libexec/gcc/x86_64-apple-darwin18/8.2.0/lto-wrapper
Target: x86_64-apple-darwin18
Configured with: ../gcc-8.2.0/configure --prefix=/usr/local/gfortran --with-gmp=/Users/fx/devel/gcc/build_package/deps --enable-languages=c,c++,fortran,objc,obj-c++ --build=x86_64-apple-darwin18 --disable-multilib --with-native-system-header-dir=/usr/include --with-sysroot=/Library/Developer/CommandLineTools/SDKs/MacOSX.sdk
Thread model: posix
gcc version 8.2.0 (GCC) 
configure:4644: $? = 0
configure:4633: gfortran -V >&5
gfortran: error: unrecognized command line option '-V'
gfortran: fatal error: no input files
compilation terminated.
configure:4644: $? = 1
configure:4633: gfortran -qversion >&5
gfortran: error: unrecognized command line option '-qversion'; did you mean '--version'?
gfortran: fatal error: no input files
compilation terminated.
configure:4644: $? = 1
configure:4653: checking whether we are using the GNU Fortran 77 compiler
configure:4666: gfortran -c  conftest.F >&5
configure:4666: $? = 0
configure:4675: result: yes
configure:4681: checking whether gfortran accepts -g
configure:4692: gfortran -c -g conftest.f >&5
configure:4692: $? = 0
configure:4700: result: yes
configure:4734: checking build system type
configure:4748: result: x86_64-apple-darwin18.2.0
configure:4768: checking host system type
configure:4781: result: x86_64-apple-darwin18.2.0
configure:4806: checking how to get verbose linking output from gfortran
configure:4816: gfortran -c -g -O2 conftest.f >&5
configure:4816: $? = 0
configure:4834: gfortran -o conftest -g -O2 -v conftest.f
Using built-in specs.
Target: x86_64-apple-darwin18
Thread model: posix
gcc version 8.2.0 (GCC) 
 /usr/local/gfortran/libexec/gcc/x86_64-apple-darwin18/8.2.0/f951 conftest.f -ffixed-form -fPIC -feliminate-unused-debug-symbols -quiet -dumpbase conftest.f -mmacosx-version-min=10.14.0 -mtune=core2 -auxbase conftest -g -O2 -version -fintrinsic-modules-path /usr/local/gfortran/lib/gcc/x86_64-apple-darwin18/8.2.0/finclude -o /var/folders/s_/jx5k0g7n7yvc3bw_qf4c7g2m0000gn/T//ccBFaofL.s
GNU Fortran (GCC) version 8.2.0 (x86_64-apple-darwin18)
	compiled by GNU C version 8.2.0, GMP version 6.1.2, MPFR version 4.0.1, MPC version 1.1.0, isl version isl-0.20-GMP

GGC heuristics: --param ggc-min-expand=100 --param ggc-min-heapsize=131072
GNU Fortran2008 (GCC) version 8.2.0 (x86_64-apple-darwin18)
	compiled by GNU C version 8.2.0, GMP version 6.1.2, MPFR version 4.0.1, MPC version 1.1.0, isl version isl-0.20-GMP

GGC heuristics: --param ggc-min-expand=100 --param ggc-min-heapsize=131072
 as -arch x86_64 -v -force_cpusubtype_ALL -mmacosx-version-min=10.14 -o /var/folders/s_/jx5k0g7n7yvc3bw_qf4c7g2m0000gn/T//cccwM2O0.o /var/folders/s_/jx5k0g7n7yvc3bw_qf4c7g2m0000gn/T//ccBFaofL.s
Apple LLVM version 10.0.0 (clang-1000.10.44.4)
Target: x86_64-apple-darwin18.2.0
Thread model: posix
InstalledDir: /Library/Developer/CommandLineTools/usr/bin
 "/Library/Developer/CommandLineTools/usr/bin/clang" -cc1as -triple x86_64-apple-macosx10.14.0 -filetype obj -main-file-name ccBFaofL.s -target-cpu penryn -fdebug-compilation-dir /Users/sunilmanandhar/Documents/SecurityResearch/iot-testing/Modeling/mitlm-master -dwarf-debug-producer Apple LLVM version 10.0.0 (clang-1000.10.44.4) -dwarf-version=4 -mrelocation-model pic -o /var/folders/s_/jx5k0g7n7yvc3bw_qf4c7g2m0000gn/T//cccwM2O0.o /var/folders/s_/jx5k0g7n7yvc3bw_qf4c7g2m0000gn/T//ccBFaofL.s
Reading specs from /usr/local/gfortran/lib/gcc/x86_64-apple-darwin18/8.2.0/../../../libgfortran.spec
rename spec lib to liborig
 /usr/local/gfortran/libexec/gcc/x86_64-apple-darwin18/8.2.0/collect2 -syslibroot /Library/Developer/CommandLineTools/SDKs/MacOSX.sdk/ -dynamic -arch x86_64 -macosx_version_min 10.14.0 -weak_reference_mismatches non-weak -o conftest -L/usr/local/gfortran/lib/gcc/x86_64-apple-darwin18/8.2.0 -L/usr/local/gfortran/lib/gcc/x86_64-apple-darwin18/8.2.0/../../.. /var/folders/s_/jx5k0g7n7yvc3bw_qf4c7g2m0000gn/T//cccwM2O0.o -lgfortran -no_compact_unwind -lSystem -lgcc_ext.10.5 -lgcc -lquadmath -lm -lgcc_ext.10.5 -lgcc -lSystem -v -idsym -dsym
collect2 version 8.2.0
/usr/bin/ld -syslibroot /Library/Developer/CommandLineTools/SDKs/MacOSX.sdk/ -dynamic -arch x86_64 -macosx_version_min 10.14.0 -weak_reference_mismatches non-weak -o conftest -L/usr/local/gfortran/lib/gcc/x86_64-apple-darwin18/8.2.0 -L/usr/local/gfortran/lib/gcc/x86_64-apple-darwin18/8.2.0/../../.. /var/folders/s_/jx5k0g7n7yvc3bw_qf4c7g2m0000gn/T//cccwM2O0.o -lgfortran -no_compact_unwind -lSystem -lgcc_ext.10.5 -lgcc -lquadmath -lm -lgcc_ext.10.5 -lgcc -lSystem -v
@(#)PROGRAM:ld  PROJECT:ld64-409.12
BUILD 17:47:51 Sep 25 2018
configured to support archs: armv6 armv7 armv7s arm64 i386 x86_64 x86_64h armv6m armv7k armv7m armv7em
Library search paths:
	/usr/local/gfortran/lib/gcc/x86_64-apple-darwin18/8.2.0
	/usr/local/gfortran/lib
	/Library/Developer/CommandLineTools/SDKs/MacOSX.sdk/usr/lib
Framework search paths:
	/Library/Developer/CommandLineTools/SDKs/MacOSX.sdk/System/Library/Frameworks/
 /usr/bin/nm -n /var/folders/s_/jx5k0g7n7yvc3bw_qf4c7g2m0000gn/T//cccwM2O0.o
dsymutil conftest
configure:4917: result: -v
configure:4919: checking for Fortran 77 libraries of gfortran
configure:4942: gfortran -o conftest -g -O2 -v conftest.f
Using built-in specs.
Target: x86_64-apple-darwin18
Thread model: posix
gcc version 8.2.0 (GCC) 
 /usr/local/gfortran/libexec/gcc/x86_64-apple-darwin18/8.2.0/f951 conftest.f -ffixed-form -fPIC -feliminate-unused-debug-symbols -quiet -dumpbase conftest.f -mmacosx-version-min=10.14.0 -mtune=core2 -auxbase conftest -g -O2 -version -fintrinsic-modules-path /usr/local/gfortran/lib/gcc/x86_64-apple-darwin18/8.2.0/finclude -o /var/folders/s_/jx5k0g7n7yvc3bw_qf4c7g2m0000gn/T//cclWAShR.s
GNU Fortran (GCC) version 8.2.0 (x86_64-apple-darwin18)
	compiled by GNU C version 8.2.0, GMP version 6.1.2, MPFR version 4.0.1, MPC version 1.1.0, isl version isl-0.20-GMP

GGC heuristics: --param ggc-min-expand=100 --param ggc-min-heapsize=131072
GNU Fortran2008 (GCC) version 8.2.0 (x86_64-apple-darwin18)
	compiled by GNU C version 8.2.0, GMP version 6.1.2, MPFR version 4.0.1, MPC version 1.1.0, isl version isl-0.20-GMP

GGC heuristics: --param ggc-min-expand=100 --param ggc-min-heapsize=131072
 as -arch x86_64 -v -force_cpusubtype_ALL -mmacosx-version-min=10.14 -o /var/folders/s_/jx5k0g7n7yvc3bw_qf4c7g2m0000gn/T//ccswOKZe.o /var/folders/s_/jx5k0g7n7yvc3bw_qf4c7g2m0000gn/T//cclWAShR.s
Apple LLVM version 10.0.0 (clang-1000.10.44.4)
Target: x86_64-apple-darwin18.2.0
Thread model: posix
InstalledDir: /Library/Developer/CommandLineTools/usr/bin
 "/Library/Developer/CommandLineTools/usr/bin/clang" -cc1as -triple x86_64-apple-macosx10.14.0 -filetype obj -main-file-name cclWAShR.s -target-cpu penryn -fdebug-compilation-dir /Users/sunilmanandhar/Documents/SecurityResearch/iot-testing/Modeling/mitlm-master -dwarf-debug-producer Apple LLVM version 10.0.0 (clang-1000.10.44.4) -dwarf-version=4 -mrelocation-model pic -o /var/folders/s_/jx5k0g7n7yvc3bw_qf4c7g2m0000gn/T//ccswOKZe.o /var/folders/s_/jx5k0g7n7yvc3bw_qf4c7g2m0000gn/T//cclWAShR.s
Reading specs from /usr/local/gfortran/lib/gcc/x86_64-apple-darwin18/8.2.0/../../../libgfortran.spec
rename spec lib to liborig
 /usr/local/gfortran/libexec/gcc/x86_64-apple-darwin18/8.2.0/collect2 -syslibroot /Library/Developer/CommandLineTools/SDKs/MacOSX.sdk/ -dynamic -arch x86_64 -macosx_version_min 10.14.0 -weak_reference_mismatches non-weak -o conftest -L/usr/local/gfortran/lib/gcc/x86_64-apple-darwin18/8.2.0 -L/usr/local/gfortran/lib/gcc/x86_64-apple-darwin18/8.2.0/../../.. /var/folders/s_/jx5k0g7n7yvc3bw_qf4c7g2m0000gn/T//ccswOKZe.o -lgfortran -no_compact_unwind -lSystem -lgcc_ext.10.5 -lgcc -lquadmath -lm -lgcc_ext.10.5 -lgcc -lSystem -v -idsym -dsym
collect2 version 8.2.0
/usr/bin/ld -syslibroot /Library/Developer/CommandLineTools/SDKs/MacOSX.sdk/ -dynamic -arch x86_64 -macosx_version_min 10.14.0 -weak_reference_mismatches non-weak -o conftest -L/usr/local/gfortran/lib/gcc/x86_64-apple-darwin18/8.2.0 -L/usr/local/gfortran/lib/gcc/x86_64-apple-darwin18/8.2.0/../../.. /var/folders/s_/jx5k0g7n7yvc3bw_qf4c7g2m0000gn/T//ccswOKZe.o -lgfortran -no_compact_unwind -lSystem -lgcc_ext.10.5 -lgcc -lquadmath -lm -lgcc_ext.10.5 -lgcc -lSystem -v
@(#)PROGRAM:ld  PROJECT:ld64-409.12
BUILD 17:47:51 Sep 25 2018
configured to support archs: armv6 armv7 armv7s arm64 i386 x86_64 x86_64h armv6m armv7k armv7m armv7em
Library search paths:
	/usr/local/gfortran/lib/gcc/x86_64-apple-darwin18/8.2.0
	/usr/local/gfortran/lib
	/Library/Developer/CommandLineTools/SDKs/MacOSX.sdk/usr/lib
Framework search paths:
	/Library/Developer/CommandLineTools/SDKs/MacOSX.sdk/System/Library/Frameworks/
 /usr/bin/nm -n /var/folders/s_/jx5k0g7n7yvc3bw_qf4c7g2m0000gn/T//ccswOKZe.o
dsymutil conftest
configure:5138: result:  -L/usr/local/gfortran/lib/gcc/x86_64-apple-darwin18/8.2.0 -L/usr/local/gfortran/lib/gcc/x86_64-apple-darwin18/8.2.0/../../.. -lgfortran -lquadmath -lm
configure:5155: checking for dummy main to link with Fortran 77 libraries
configure:5189: gcc -o conftest -g -O2   conftest.c   -L/usr/local/gfortran/lib/gcc/x86_64-apple-darwin18/8.2.0 -L/usr/local/gfortran/lib/gcc/x86_64-apple-darwin18/8.2.0/../../.. -lgfortran -lquadmath -lm >&5
configure:5189: $? = 0
configure:5234: result: none
configure:5267: checking for Fortran 77 name-mangling scheme
configure:5280: gfortran -c -g -O2 conftest.f >&5
configure:5280: $? = 0
configure:5321: gcc -o conftest -g -O2   conftest.c cfortran_test.o   -L/usr/local/gfortran/lib/gcc/x86_64-apple-darwin18/8.2.0 -L/usr/local/gfortran/lib/gcc/x86_64-apple-darwin18/8.2.0/../../.. -lgfortran -lquadmath -lm >&5
Undefined symbols for architecture x86_64:
  "_foobar", referenced from:
      _main in conftest-e98223.o
     (maybe you meant: _foobar_)
ld: symbol(s) not found for architecture x86_64
clang: error: linker command failed with exit code 1 (use -v to see invocation)
configure:5321: $? = 1
configure: failed program was:
| /* confdefs.h */
| #define PACKAGE_NAME "MIT Language Modeling Toolkit"
| #define PACKAGE_TARNAME "mitlm"
| #define PACKAGE_VERSION "0.4.2"
| #define PACKAGE_STRING "MIT Language Modeling Toolkit 0.4.2"
| #define PACKAGE_BUGREPORT "mitlm-dev@googlegroups.com"
| #define PACKAGE_URL ""
| #define PACKAGE "mitlm"
| #define VERSION "0.4.2"
| /* end confdefs.h.  */
| 
| /* Override any GCC internal prototype to avoid an error.
|    Use char because int might match the return type of a GCC
|    builtin and then its argument prototype would still apply.  */
| #ifdef __cplusplus
| extern "C"
| #endif
| char foobar ();
| #ifdef F77_DUMMY_MAIN
| 
| #  ifdef __cplusplus
|      extern "C"
| #  endif
|    int F77_DUMMY_MAIN() { return 1; }
| 
| #endif
| int
| main ()
| {
| return foobar ();
|   ;
|   return 0;
| }
configure:5321: gcc -o conftest -g -O2   conftest.c cfortran_test.o   -L/usr/local/gfortran/lib/gcc/x86_64-apple-darwin18/8.2.0 -L/usr/local/gfortran/lib/gcc/x86_64-apple-darwin18/8.2.0/../../.. -lgfortran -lquadmath -lm >&5
configure:5321: $? = 0
configure:5379: gcc -o conftest -g -O2   conftest.c cfortran_test.o   -L/usr/local/gfortran/lib/gcc/x86_64-apple-darwin18/8.2.0 -L/usr/local/gfortran/lib/gcc/x86_64-apple-darwin18/8.2.0/../../.. -lgfortran -lquadmath -lm >&5
configure:5379: $? = 0
configure:5421: result: lower case, underscore, no extra underscore
configure:5537: checking for ar
configure:5553: found /usr/bin/ar
configure:5564: result: ar
configure:5590: checking the archiver (ar) interface
configure:5606: gcc -c -g -O2  conftest.c >&5
configure:5606: $? = 0
configure:5608: ar cru libconftest.a conftest.o >&5
configure:5611: $? = 0
configure:5639: result: ar
configure:6008: checking how to print strings
configure:6035: result: printf
configure:6056: checking for a sed that does not truncate output
configure:6120: result: /usr/bin/sed
configure:6138: checking for grep that handles long lines and -e
configure:6196: result: /usr/bin/grep
configure:6201: checking for egrep
configure:6263: result: /usr/bin/grep -E
configure:6268: checking for fgrep
configure:6330: result: /usr/bin/grep -F
configure:6365: checking for ld used by gcc
configure:6432: result: /Library/Developer/CommandLineTools/usr/bin/ld
configure:6439: checking if the linker (/Library/Developer/CommandLineTools/usr/bin/ld) is GNU ld
configure:6454: result: no
configure:6466: checking for BSD- or MS-compatible name lister (nm)
configure:6520: result: /usr/bin/nm -B
configure:6650: checking the name lister (/usr/bin/nm -B) interface
configure:6657: gcc -c -g -O2  conftest.c >&5
configure:6660: /usr/bin/nm -B "conftest.o"
configure:6663: output
0000000000000200 S _some_variable
configure:6670: result: BSD nm
configure:6673: checking whether ln -s works
configure:6677: result: yes
configure:6685: checking the maximum length of command line arguments
configure:6816: result: 196608
configure:6864: checking how to convert x86_64-apple-darwin18.2.0 file names to x86_64-apple-darwin18.2.0 format
configure:6904: result: func_convert_file_noop
configure:6911: checking how to convert x86_64-apple-darwin18.2.0 file names to toolchain format
configure:6931: result: func_convert_file_noop
configure:6938: checking for /Library/Developer/CommandLineTools/usr/bin/ld option to reload object files
configure:6945: result: -r
configure:7019: checking for objdump
configure:7046: result: objdump
configure:7075: checking how to recognize dependent libraries
configure:7275: result: pass_all
configure:7360: checking for dlltool
configure:7387: result: dlltool
configure:7417: checking how to associate runtime and link libraries
configure:7444: result: printf %s\n
configure:7568: checking for archiver @FILE support
configure:7593: gcc -c -g -O2  conftest.c >&5
configure:7593: $? = 0
configure:7596: ar cru libconftest.a @conftest.lst >&5
ar: @conftest.lst: No such file or directory
configure:7599: $? = 1
configure:7619: result: no
configure:7677: checking for strip
configure:7693: found /usr/bin/strip
configure:7704: result: strip
configure:7776: checking for ranlib
configure:7792: found /usr/bin/ranlib
configure:7803: result: ranlib
configure:7905: checking command to parse /usr/bin/nm -B output from gcc object
configure:8058: gcc -c -g -O2  conftest.c >&5
configure:8061: $? = 0
configure:8065: /usr/bin/nm -B conftest.o \| sed -n -e 's/^.*[ ]\([BCDEGRST][BCDEGRST]*\)[ ][ ]*\([_A-Za-z][_A-Za-z0-9]*\)$/\1 \2 \2/p' | sed '/ __gnu_lto/d' \> conftest.nm
configure:8068: $? = 0
cannot find nm_test_var in conftest.nm
configure:8058: gcc -c -g -O2  conftest.c >&5
configure:8061: $? = 0
configure:8065: /usr/bin/nm -B conftest.o \| sed -n -e 's/^.*[ ]\([BCDEGRST][BCDEGRST]*\)[ ][ ]*_\([_A-Za-z][_A-Za-z0-9]*\)$/\1 _\2 \2/p' | sed '/ __gnu_lto/d' \> conftest.nm
configure:8068: $? = 0
configure:8134: gcc -o conftest -g -O2   conftest.c conftstm.o >&5
warning: (x86_64)  could not find object file symbol for symbol _main
configure:8137: $? = 0
configure:8175: result: ok
configure:8222: checking for sysroot
configure:8252: result: no
configure:8259: checking for a working dd
configure:8297: result: /bin/dd
configure:8301: checking how to truncate binary pipes
configure:8316: result: /bin/dd bs=4096 count=1
configure:8653: checking for mt
configure:8683: result: no
configure:8703: checking if : is a manifest tool
configure:8709: : '-?'
configure:8717: result: no
configure:8773: checking for dsymutil
configure:8789: found /usr/bin/dsymutil
configure:8800: result: dsymutil
configure:8865: checking for nmedit
configure:8881: found /usr/bin/nmedit
configure:8892: result: nmedit
configure:8957: checking for lipo
configure:8973: found /usr/bin/lipo
configure:8984: result: lipo
configure:9049: checking for otool
configure:9065: found /usr/bin/otool
configure:9076: result: otool
configure:9141: checking for otool64
configure:9171: result: no
configure:9216: checking for -single_module linker flag
gcc -g -O2  -o libconftest.dylib -dynamiclib -Wl,-single_module conftest.c
configure:9249: result: yes
configure:9252: checking for -exported_symbols_list linker flag
configure:9280: gcc -o conftest -g -O2   -Wl,-exported_symbols_list,conftest.sym conftest.c  >&5
configure:9280: $? = 0
configure:9290: result: yes
configure:9293: checking for -force_load linker flag
gcc -g -O2 -c -o conftest.o conftest.c
ar cru libconftest.a conftest.o
ranlib libconftest.a
gcc -g -O2  -o conftest conftest.c -Wl,-force_load,./libconftest.a
configure:9325: result: yes
configure:9402: checking how to run the C preprocessor
configure:9433: gcc -E  conftest.c
configure:9433: $? = 0
configure:9447: gcc -E  conftest.c
conftest.c:13:10: fatal error: 'ac_nonexistent.h' file not found
#include <ac_nonexistent.h>
         ^~~~~~~~~~~~~~~~~~
1 error generated.
configure:9447: $? = 1
configure: failed program was:
| /* confdefs.h */
| #define PACKAGE_NAME "MIT Language Modeling Toolkit"
| #define PACKAGE_TARNAME "mitlm"
| #define PACKAGE_VERSION "0.4.2"
| #define PACKAGE_STRING "MIT Language Modeling Toolkit 0.4.2"
| #define PACKAGE_BUGREPORT "mitlm-dev@googlegroups.com"
| #define PACKAGE_URL ""
| #define PACKAGE "mitlm"
| #define VERSION "0.4.2"
| #define F77_FUNC(name,NAME) name ## _
| #define F77_FUNC_(name,NAME) name ## _
| /* end confdefs.h.  */
| #include <ac_nonexistent.h>
configure:9472: result: gcc -E
configure:9492: gcc -E  conftest.c
configure:9492: $? = 0
configure:9506: gcc -E  conftest.c
conftest.c:13:10: fatal error: 'ac_nonexistent.h' file not found
#include <ac_nonexistent.h>
         ^~~~~~~~~~~~~~~~~~
1 error generated.
configure:9506: $? = 1
configure: failed program was:
| /* confdefs.h */
| #define PACKAGE_NAME "MIT Language Modeling Toolkit"
| #define PACKAGE_TARNAME "mitlm"
| #define PACKAGE_VERSION "0.4.2"
| #define PACKAGE_STRING "MIT Language Modeling Toolkit 0.4.2"
| #define PACKAGE_BUGREPORT "mitlm-dev@googlegroups.com"
| #define PACKAGE_URL ""
| #define PACKAGE "mitlm"
| #define VERSION "0.4.2"
| #define F77_FUNC(name,NAME) name ## _
| #define F77_FUNC_(name,NAME) name ## _
| /* end confdefs.h.  */
| #include <ac_nonexistent.h>
configure:9535: checking for ANSI C header files
configure:9563: gcc -c -g -O2  conftest.c >&5
configure:9563: $? = 0
configure:9636: gcc -o conftest -g -O2   conftest.c  >&5
configure:9636: $? = 0
configure:9636: ./conftest
configure:9636: $? = 0
configure:9647: result: yes
configure:9660: checking for sys/types.h
configure:9660: gcc -c -g -O2  conftest.c >&5
configure:9660: $? = 0
configure:9660: result: yes
configure:9660: checking for sys/stat.h
configure:9660: gcc -c -g -O2  conftest.c >&5
configure:9660: $? = 0
configure:9660: result: yes
configure:9660: checking for stdlib.h
configure:9660: gcc -c -g -O2  conftest.c >&5
configure:9660: $? = 0
configure:9660: result: yes
configure:9660: checking for string.h
configure:9660: gcc -c -g -O2  conftest.c >&5
configure:9660: $? = 0
configure:9660: result: yes
configure:9660: checking for memory.h
configure:9660: gcc -c -g -O2  conftest.c >&5
configure:9660: $? = 0
configure:9660: result: yes
configure:9660: checking for strings.h
configure:9660: gcc -c -g -O2  conftest.c >&5
configure:9660: $? = 0
configure:9660: result: yes
configure:9660: checking for inttypes.h
configure:9660: gcc -c -g -O2  conftest.c >&5
configure:9660: $? = 0
configure:9660: result: yes
configure:9660: checking for stdint.h
configure:9660: gcc -c -g -O2  conftest.c >&5
configure:9660: $? = 0
configure:9660: result: yes
configure:9660: checking for unistd.h
configure:9660: gcc -c -g -O2  conftest.c >&5
configure:9660: $? = 0
configure:9660: result: yes
configure:9674: checking for dlfcn.h
configure:9674: gcc -c -g -O2  conftest.c >&5
configure:9674: $? = 0
configure:9674: result: yes
configure:9939: checking for objdir
configure:9954: result: .libs
configure:10214: checking if gcc supports -fno-rtti -fno-exceptions
configure:10232: gcc -c -g -O2  -fno-rtti -fno-exceptions conftest.c >&5
configure:10236: $? = 0
configure:10249: result: yes
configure:10607: checking for gcc option to produce PIC
configure:10614: result: -fno-common -DPIC
configure:10622: checking if gcc PIC flag -fno-common -DPIC works
configure:10640: gcc -c -g -O2  -fno-common -DPIC -DPIC conftest.c >&5
configure:10644: $? = 0
configure:10657: result: yes
configure:10686: checking if gcc static flag -static works
configure:10714: result: no
configure:10729: checking if gcc supports -c -o file.o
configure:10750: gcc -c -g -O2  -o out/conftest2.o conftest.c >&5
configure:10754: $? = 0
configure:10776: result: yes
configure:10784: checking if gcc supports -c -o file.o
configure:10831: result: yes
configure:10864: checking whether the gcc linker (/Library/Developer/CommandLineTools/usr/bin/ld) supports shared libraries
configure:12139: result: yes
configure:12379: checking dynamic linker characteristics
configure:13205: result: darwin18.2.0 dyld
configure:13327: checking how to hardcode library paths into programs
configure:13352: result: immediate
configure:13940: checking whether stripping libraries is possible
configure:13954: result: yes
configure:13980: checking if libtool supports shared libraries
configure:13982: result: yes
configure:13985: checking whether to build shared libraries
configure:14010: result: yes
configure:14013: checking whether to build static libraries
configure:14017: result: yes
configure:14040: checking how to run the C++ preprocessor
configure:14067: g++ -E  conftest.cpp
configure:14067: $? = 0
configure:14081: g++ -E  conftest.cpp
conftest.cpp:25:10: fatal error: 'ac_nonexistent.h' file not found
#include <ac_nonexistent.h>
         ^~~~~~~~~~~~~~~~~~
1 error generated.
configure:14081: $? = 1
configure: failed program was:
| /* confdefs.h */
| #define PACKAGE_NAME "MIT Language Modeling Toolkit"
| #define PACKAGE_TARNAME "mitlm"
| #define PACKAGE_VERSION "0.4.2"
| #define PACKAGE_STRING "MIT Language Modeling Toolkit 0.4.2"
| #define PACKAGE_BUGREPORT "mitlm-dev@googlegroups.com"
| #define PACKAGE_URL ""
| #define PACKAGE "mitlm"
| #define VERSION "0.4.2"
| #define F77_FUNC(name,NAME) name ## _
| #define F77_FUNC_(name,NAME) name ## _
| #define STDC_HEADERS 1
| #define HAVE_SYS_TYPES_H 1
| #define HAVE_SYS_STAT_H 1
| #define HAVE_STDLIB_H 1
| #define HAVE_STRING_H 1
| #define HAVE_MEMORY_H 1
| #define HAVE_STRINGS_H 1
| #define HAVE_INTTYPES_H 1
| #define HAVE_STDINT_H 1
| #define HAVE_UNISTD_H 1
| #define HAVE_DLFCN_H 1
| #define LT_OBJDIR ".libs/"
| /* end confdefs.h.  */
| #include <ac_nonexistent.h>
configure:14106: result: g++ -E
configure:14126: g++ -E  conftest.cpp
configure:14126: $? = 0
configure:14140: g++ -E  conftest.cpp
conftest.cpp:25:10: fatal error: 'ac_nonexistent.h' file not found
#include <ac_nonexistent.h>
         ^~~~~~~~~~~~~~~~~~
1 error generated.
configure:14140: $? = 1
configure: failed program was:
| /* confdefs.h */
| #define PACKAGE_NAME "MIT Language Modeling Toolkit"
| #define PACKAGE_TARNAME "mitlm"
| #define PACKAGE_VERSION "0.4.2"
| #define PACKAGE_STRING "MIT Language Modeling Toolkit 0.4.2"
| #define PACKAGE_BUGREPORT "mitlm-dev@googlegroups.com"
| #define PACKAGE_URL ""
| #define PACKAGE "mitlm"
| #define VERSION "0.4.2"
| #define F77_FUNC(name,NAME) name ## _
| #define F77_FUNC_(name,NAME) name ## _
| #define STDC_HEADERS 1
| #define HAVE_SYS_TYPES_H 1
| #define HAVE_SYS_STAT_H 1
| #define HAVE_STDLIB_H 1
| #define HAVE_STRING_H 1
| #define HAVE_MEMORY_H 1
| #define HAVE_STRINGS_H 1
| #define HAVE_INTTYPES_H 1
| #define HAVE_STDINT_H 1
| #define HAVE_UNISTD_H 1
| #define HAVE_DLFCN_H 1
| #define LT_OBJDIR ".libs/"
| /* end confdefs.h.  */
| #include <ac_nonexistent.h>
configure:14302: checking for ld used by g++
configure:14369: result: /Library/Developer/CommandLineTools/usr/bin/ld
configure:14376: checking if the linker (/Library/Developer/CommandLineTools/usr/bin/ld) is GNU ld
configure:14391: result: no
configure:14446: checking whether the g++ linker (/Library/Developer/CommandLineTools/usr/bin/ld) supports shared libraries
configure:15535: result: yes
configure:15571: g++ -c -g -O2  conftest.cpp >&5
configure:15574: $? = 0
configure:16055: checking for g++ option to produce PIC
configure:16062: result: -fno-common -DPIC
configure:16070: checking if g++ PIC flag -fno-common -DPIC works
configure:16088: g++ -c -g -O2  -fno-common -DPIC -DPIC conftest.cpp >&5
configure:16092: $? = 0
configure:16105: result: yes
configure:16128: checking if g++ static flag -static works
configure:16156: result: no
configure:16168: checking if g++ supports -c -o file.o
configure:16189: g++ -c -g -O2  -o out/conftest2.o conftest.cpp >&5
configure:16193: $? = 0
configure:16215: result: yes
configure:16220: checking if g++ supports -c -o file.o
configure:16267: result: yes
configure:16297: checking whether the g++ linker (/Library/Developer/CommandLineTools/usr/bin/ld) supports shared libraries
configure:16337: result: yes
configure:16478: checking dynamic linker characteristics
configure:17231: result: darwin18.2.0 dyld
configure:17296: checking how to hardcode library paths into programs
configure:17321: result: immediate
configure:17462: checking if libtool supports shared libraries
configure:17464: result: yes
configure:17467: checking whether to build shared libraries
configure:17491: result: yes
configure:17494: checking whether to build static libraries
configure:17498: result: yes
configure:17850: checking for gfortran option to produce PIC
configure:17857: result: -fno-common
configure:17865: checking if gfortran PIC flag -fno-common works
configure:17883: gfortran -c -g -O2 -fno-common conftest.f >&5
configure:17887: $? = 0
configure:17900: result: yes
configure:17923: checking if gfortran static flag -static works
configure:17951: result: no
configure:17963: checking if gfortran supports -c -o file.o
configure:17984: gfortran -c -g -O2 -o out/conftest2.o conftest.f >&5
configure:17988: $? = 0
configure:18010: result: yes
configure:18015: checking if gfortran supports -c -o file.o
configure:18062: result: yes
configure:18092: checking whether the gfortran linker (/Library/Developer/CommandLineTools/usr/bin/ld) supports shared libraries
configure:19301: result: yes
configure:19442: checking dynamic linker characteristics
configure:20181: result: darwin18.2.0 dyld
configure:20246: checking how to hardcode library paths into programs
configure:20271: result: immediate
configure:20327: checking for string.h
configure:20327: result: yes
configure:20327: checking math.h usability
configure:20327: gcc -c -g -O2  conftest.c >&5
configure:20327: $? = 0
configure:20327: result: yes
configure:20327: checking math.h presence
configure:20327: gcc -E  conftest.c
configure:20327: $? = 0
configure:20327: result: yes
configure:20327: checking for math.h
configure:20327: result: yes
configure:20337: checking for ANSI C header files
configure:20449: result: yes
configure:20458: checking for tr1/unordered_map
configure:20489: g++ -c -g -O2  conftest.cpp >&5
conftest.cpp:28:10: fatal error: 'tr1/unordered_map' file not found
#include <tr1/unordered_map>
         ^~~~~~~~~~~~~~~~~~~
1 error generated.
configure:20489: $? = 1
configure: failed program was:
| /* confdefs.h */
| #define PACKAGE_NAME "MIT Language Modeling Toolkit"
| #define PACKAGE_TARNAME "mitlm"
| #define PACKAGE_VERSION "0.4.2"
| #define PACKAGE_STRING "MIT Language Modeling Toolkit 0.4.2"
| #define PACKAGE_BUGREPORT "mitlm-dev@googlegroups.com"
| #define PACKAGE_URL ""
| #define PACKAGE "mitlm"
| #define VERSION "0.4.2"
| #define F77_FUNC(name,NAME) name ## _
| #define F77_FUNC_(name,NAME) name ## _
| #define STDC_HEADERS 1
| #define HAVE_SYS_TYPES_H 1
| #define HAVE_SYS_STAT_H 1
| #define HAVE_STDLIB_H 1
| #define HAVE_STRING_H 1
| #define HAVE_MEMORY_H 1
| #define HAVE_STRINGS_H 1
| #define HAVE_INTTYPES_H 1
| #define HAVE_STDINT_H 1
| #define HAVE_UNISTD_H 1
| #define HAVE_DLFCN_H 1
| #define LT_OBJDIR ".libs/"
| #define HAVE_STRING_H 1
| #define HAVE_MATH_H 1
| #define STDC_HEADERS 1
| /* end confdefs.h.  */
| #include <tr1/unordered_map>
| #ifdef F77_DUMMY_MAIN
| 
| #  ifdef __cplusplus
|      extern "C"
| #  endif
|    int F77_DUMMY_MAIN() { return 1; }
| 
| #endif
| int
| main ()
| {
| using std::tr1::unordered_map;
|   ;
|   return 0;
| }
configure:20503: result: no
configure:20518: checking whether g++ supports C++11 features by default
configure:20812: g++ -c -g -O2  conftest.cpp >&5
conftest.cpp:39:2: error: "This is not a C++11 compiler"
#error "This is not a C++11 compiler"
 ^
1 error generated.
configure:20812: $? = 1
configure: failed program was:
| /* confdefs.h */
| #define PACKAGE_NAME "MIT Language Modeling Toolkit"
| #define PACKAGE_TARNAME "mitlm"
| #define PACKAGE_VERSION "0.4.2"
| #define PACKAGE_STRING "MIT Language Modeling Toolkit 0.4.2"
| #define PACKAGE_BUGREPORT "mitlm-dev@googlegroups.com"
| #define PACKAGE_URL ""
| #define PACKAGE "mitlm"
| #define VERSION "0.4.2"
| #define F77_FUNC(name,NAME) name ## _
| #define F77_FUNC_(name,NAME) name ## _
| #define STDC_HEADERS 1
| #define HAVE_SYS_TYPES_H 1
| #define HAVE_SYS_STAT_H 1
| #define HAVE_STDLIB_H 1
| #define HAVE_STRING_H 1
| #define HAVE_MEMORY_H 1
| #define HAVE_STRINGS_H 1
| #define HAVE_INTTYPES_H 1
| #define HAVE_STDINT_H 1
| #define HAVE_UNISTD_H 1
| #define HAVE_DLFCN_H 1
| #define LT_OBJDIR ".libs/"
| #define HAVE_STRING_H 1
| #define HAVE_MATH_H 1
| #define STDC_HEADERS 1
| /* end confdefs.h.  */
| 
| 
| // If the compiler admits that it is not ready for C++11, why torture it?
| // Hopefully, this will speed up the test.
| 
| #ifndef __cplusplus
| 
| #error "This is not a C++ compiler"
| 
| #elif __cplusplus < 201103L
| 
| #error "This is not a C++11 compiler"
| 
| #else
| 
| namespace cxx11
| {
| 
|   namespace test_static_assert
|   {
| 
|     template <typename T>
|     struct check
|     {
|       static_assert(sizeof(int) <= sizeof(T), "not big enough");
|     };
| 
|   }
| 
|   namespace test_final_override
|   {
| 
|     struct Base
|     {
|       virtual void f() {}
|     };
| 
|     struct Derived : public Base
|     {
|       virtual void f() override {}
|     };
| 
|   }
| 
|   namespace test_double_right_angle_brackets
|   {
| 
|     template < typename T >
|     struct check {};
| 
|     typedef check<void> single_type;
|     typedef check<check<void>> double_type;
|     typedef check<check<check<void>>> triple_type;
|     typedef check<check<check<check<void>>>> quadruple_type;
| 
|   }
| 
|   namespace test_decltype
|   {
| 
|     int
|     f()
|     {
|       int a = 1;
|       decltype(a) b = 2;
|       return a + b;
|     }
| 
|   }
| 
|   namespace test_type_deduction
|   {
| 
|     template < typename T1, typename T2 >
|     struct is_same
|     {
|       static const bool value = false;
|     };
| 
|     template < typename T >
|     struct is_same<T, T>
|     {
|       static const bool value = true;
|     };
| 
|     template < typename T1, typename T2 >
|     auto
|     add(T1 a1, T2 a2) -> decltype(a1 + a2)
|     {
|       return a1 + a2;
|     }
| 
|     int
|     test(const int c, volatile int v)
|     {
|       static_assert(is_same<int, decltype(0)>::value == true, "");
|       static_assert(is_same<int, decltype(c)>::value == false, "");
|       static_assert(is_same<int, decltype(v)>::value == false, "");
|       auto ac = c;
|       auto av = v;
|       auto sumi = ac + av + 'x';
|       auto sumf = ac + av + 1.0;
|       static_assert(is_same<int, decltype(ac)>::value == true, "");
|       static_assert(is_same<int, decltype(av)>::value == true, "");
|       static_assert(is_same<int, decltype(sumi)>::value == true, "");
|       static_assert(is_same<int, decltype(sumf)>::value == false, "");
|       static_assert(is_same<int, decltype(add(c, v))>::value == true, "");
|       return (sumf > 0.0) ? sumi : add(c, v);
|     }
| 
|   }
| 
|   namespace test_noexcept
|   {
| 
|     int f() { return 0; }
|     int g() noexcept { return 0; }
| 
|     static_assert(noexcept(f()) == false, "");
|     static_assert(noexcept(g()) == true, "");
| 
|   }
| 
|   namespace test_constexpr
|   {
| 
|     template < typename CharT >
|     unsigned long constexpr
|     strlen_c_r(const CharT *const s, const unsigned long acc) noexcept
|     {
|       return *s ? strlen_c_r(s + 1, acc + 1) : acc;
|     }
| 
|     template < typename CharT >
|     unsigned long constexpr
|     strlen_c(const CharT *const s) noexcept
|     {
|       return strlen_c_r(s, 0UL);
|     }
| 
|     static_assert(strlen_c("") == 0UL, "");
|     static_assert(strlen_c("1") == 1UL, "");
|     static_assert(strlen_c("example") == 7UL, "");
|     static_assert(strlen_c("another\0example") == 7UL, "");
| 
|   }
| 
|   namespace test_rvalue_references
|   {
| 
|     template < int N >
|     struct answer
|     {
|       static constexpr int value = N;
|     };
| 
|     answer<1> f(int&)       { return answer<1>(); }
|     answer<2> f(const int&) { return answer<2>(); }
|     answer<3> f(int&&)      { return answer<3>(); }
| 
|     void
|     test()
|     {
|       int i = 0;
|       const int c = 0;
|       static_assert(decltype(f(i))::value == 1, "");
|       static_assert(decltype(f(c))::value == 2, "");
|       static_assert(decltype(f(0))::value == 3, "");
|     }
| 
|   }
| 
|   namespace test_uniform_initialization
|   {
| 
|     struct test
|     {
|       static const int zero {};
|       static const int one {1};
|     };
| 
|     static_assert(test::zero == 0, "");
|     static_assert(test::one == 1, "");
| 
|   }
| 
|   namespace test_lambdas
|   {
| 
|     void
|     test1()
|     {
|       auto lambda1 = [](){};
|       auto lambda2 = lambda1;
|       lambda1();
|       lambda2();
|     }
| 
|     int
|     test2()
|     {
|       auto a = [](int i, int j){ return i + j; }(1, 2);
|       auto b = []() -> int { return '0'; }();
|       auto c = [=](){ return a + b; }();
|       auto d = [&](){ return c; }();
|       auto e = [a, &b](int x) mutable {
|         const auto identity = [](int y){ return y; };
|         for (auto i = 0; i < a; ++i)
|           a += b--;
|         return x + identity(a + b);
|       }(0);
|       return a + b + c + d + e;
|     }
| 
|     int
|     test3()
|     {
|       const auto nullary = [](){ return 0; };
|       const auto unary = [](int x){ return x; };
|       using nullary_t = decltype(nullary);
|       using unary_t = decltype(unary);
|       const auto higher1st = [](nullary_t f){ return f(); };
|       const auto higher2nd = [unary](nullary_t f1){
|         return [unary, f1](unary_t f2){ return f2(unary(f1())); };
|       };
|       return higher1st(nullary) + higher2nd(nullary)(unary);
|     }
| 
|   }
| 
|   namespace test_variadic_templates
|   {
| 
|     template <int...>
|     struct sum;
| 
|     template <int N0, int... N1toN>
|     struct sum<N0, N1toN...>
|     {
|       static constexpr auto value = N0 + sum<N1toN...>::value;
|     };
| 
|     template <>
|     struct sum<>
|     {
|       static constexpr auto value = 0;
|     };
| 
|     static_assert(sum<>::value == 0, "");
|     static_assert(sum<1>::value == 1, "");
|     static_assert(sum<23>::value == 23, "");
|     static_assert(sum<1, 2>::value == 3, "");
|     static_assert(sum<5, 5, 11>::value == 21, "");
|     static_assert(sum<2, 3, 5, 7, 11, 13>::value == 41, "");
| 
|   }
| 
|   // http://stackoverflow.com/questions/13728184/template-aliases-and-sfinae
|   // Clang 3.1 fails with headers of libstd++ 4.8.3 when using std::function
|   // because of this.
|   namespace test_template_alias_sfinae
|   {
| 
|     struct foo {};
| 
|     template<typename T>
|     using member = typename T::member_type;
| 
|     template<typename T>
|     void func(...) {}
| 
|     template<typename T>
|     void func(member<T>*) {}
| 
|     void test();
| 
|     void test() { func<foo>(0); }
| 
|   }
| 
| }  // namespace cxx11
| 
| #endif  // __cplusplus >= 201103L
| 
| 
| 
configure:20819: result: no
configure:20831: checking whether g++ supports C++11 features with -std=c++11
configure:21127: g++ -std=c++11 -c -g -O2  conftest.cpp >&5
configure:21127: $? = 0
configure:21136: result: yes
configure:21179: checking for inline
configure:21195: gcc -c -g -O2  conftest.c >&5
configure:21195: $? = 0
configure:21203: result: inline
configure:21227: checking wheter we have __builtin_clzl
configure:21252: gcc -o conftest -g -O2   conftest.c  >&5
conftest.c:41:16: error: function definition is not allowed here
int main(void) { return __builtin_clzll(x) == (sizeof(int)*8 - 1) ? 0 : 1; }
               ^
1 error generated.
configure:21252: $? = 1
configure: failed program was:
| /* confdefs.h */
| #define PACKAGE_NAME "MIT Language Modeling Toolkit"
| #define PACKAGE_TARNAME "mitlm"
| #define PACKAGE_VERSION "0.4.2"
| #define PACKAGE_STRING "MIT Language Modeling Toolkit 0.4.2"
| #define PACKAGE_BUGREPORT "mitlm-dev@googlegroups.com"
| #define PACKAGE_URL ""
| #define PACKAGE "mitlm"
| #define VERSION "0.4.2"
| #define F77_FUNC(name,NAME) name ## _
| #define F77_FUNC_(name,NAME) name ## _
| #define STDC_HEADERS 1
| #define HAVE_SYS_TYPES_H 1
| #define HAVE_SYS_STAT_H 1
| #define HAVE_STDLIB_H 1
| #define HAVE_STRING_H 1
| #define HAVE_MEMORY_H 1
| #define HAVE_STRINGS_H 1
| #define HAVE_INTTYPES_H 1
| #define HAVE_STDINT_H 1
| #define HAVE_UNISTD_H 1
| #define HAVE_DLFCN_H 1
| #define LT_OBJDIR ".libs/"
| #define HAVE_STRING_H 1
| #define HAVE_MATH_H 1
| #define STDC_HEADERS 1
| #define HAVE_CXX11 1
| /* end confdefs.h.  */
| unsigned long x = 1;
| #ifdef F77_DUMMY_MAIN
| 
| #  ifdef __cplusplus
|      extern "C"
| #  endif
|    int F77_DUMMY_MAIN() { return 1; }
| 
| #endif
| int
| main ()
| {
| int main(void) { return __builtin_clzll(x) == (sizeof(int)*8 - 1) ? 0 : 1; }
| 
|   ;
|   return 0;
| }
configure:21260: result: no
configure:21270: checking wheter we have X86_ASM
configure:21300: gcc -o conftest -g -O2   conftest.c  >&5
In file included from conftest.c:32:
./src/util/BitOps.h:39:1: error: unknown type name 'namespace'
namespace mitlm {
^
./src/util/BitOps.h:39:16: error: expected ';' after top level declarator
namespace mitlm {
               ^
               ;
conftest.c:46:16: error: function definition is not allowed here
int main(void) { return find_last_bit_set(2)-2 ; }
               ^
3 errors generated.
configure:21300: $? = 1
configure: failed program was:
| /* confdefs.h */
| #define PACKAGE_NAME "MIT Language Modeling Toolkit"
| #define PACKAGE_TARNAME "mitlm"
| #define PACKAGE_VERSION "0.4.2"
| #define PACKAGE_STRING "MIT Language Modeling Toolkit 0.4.2"
| #define PACKAGE_BUGREPORT "mitlm-dev@googlegroups.com"
| #define PACKAGE_URL ""
| #define PACKAGE "mitlm"
| #define VERSION "0.4.2"
| #define F77_FUNC(name,NAME) name ## _
| #define F77_FUNC_(name,NAME) name ## _
| #define STDC_HEADERS 1
| #define HAVE_SYS_TYPES_H 1
| #define HAVE_SYS_STAT_H 1
| #define HAVE_STDLIB_H 1
| #define HAVE_STRING_H 1
| #define HAVE_MEMORY_H 1
| #define HAVE_STRINGS_H 1
| #define HAVE_INTTYPES_H 1
| #define HAVE_STDINT_H 1
| #define HAVE_UNISTD_H 1
| #define HAVE_DLFCN_H 1
| #define LT_OBJDIR ".libs/"
| #define HAVE_STRING_H 1
| #define HAVE_MATH_H 1
| #define STDC_HEADERS 1
| #define HAVE_CXX11 1
| /* end confdefs.h.  */
| 
| #define bool int
| #define HAVE_X86_ASM 1
| #include "src/util/BitOps.h"
| unsigned long x = 2;
| 
| #ifdef F77_DUMMY_MAIN
| 
| #  ifdef __cplusplus
|      extern "C"
| #  endif
|    int F77_DUMMY_MAIN() { return 1; }
| 
| #endif
| int
| main ()
| {
| int main(void) { return find_last_bit_set(2)-2 ; }
| 
|   ;
|   return 0;
| }
configure:21308: result: no
configure:21468: checking that generated files are newer than configure
configure:21474: result: done
configure:21505: creating ./config.status

## ---------------------- ##
## Running config.status. ##
## ---------------------- ##

This file was extended by MIT Language Modeling Toolkit config.status 0.4.2, which was
generated by GNU Autoconf 2.69.  Invocation command line was

  CONFIG_FILES    = 
  CONFIG_HEADERS  = 
  CONFIG_LINKS    = 
  CONFIG_COMMANDS = 
  $ ./config.status 

on ip-128-239-131-186.v4.wm.edu

config.status:1129: creating Makefile
config.status:1129: creating tests/test1.test
config.status:1301: executing depfiles commands
config.status:1301: executing libtool commands

## ---------------- ##
## Cache variables. ##
## ---------------- ##

ac_cv_build=x86_64-apple-darwin18.2.0
ac_cv_c_compiler_gnu=yes
ac_cv_c_inline=inline
ac_cv_cxx_compiler_gnu=yes
ac_cv_env_CCC_set=
ac_cv_env_CCC_value=
ac_cv_env_CC_set=
ac_cv_env_CC_value=
ac_cv_env_CFLAGS_set=
ac_cv_env_CFLAGS_value=
ac_cv_env_CPPFLAGS_set=
ac_cv_env_CPPFLAGS_value=
ac_cv_env_CPP_set=
ac_cv_env_CPP_value=
ac_cv_env_CXXCPP_set=
ac_cv_env_CXXCPP_value=
ac_cv_env_CXXFLAGS_set=
ac_cv_env_CXXFLAGS_value=
ac_cv_env_CXX_set=
ac_cv_env_CXX_value=
ac_cv_env_F77_set=
ac_cv_env_F77_value=
ac_cv_env_FFLAGS_set=
ac_cv_env_FFLAGS_value=
ac_cv_env_LDFLAGS_set=
ac_cv_env_LDFLAGS_value=
ac_cv_env_LIBS_set=
ac_cv_env_LIBS_value=
ac_cv_env_LT_SYS_LIBRARY_PATH_set=
ac_cv_env_LT_SYS_LIBRARY_PATH_value=
ac_cv_env_build_alias_set=
ac_cv_env_build_alias_value=
ac_cv_env_host_alias_set=
ac_cv_env_host_alias_value=
ac_cv_env_target_alias_set=
ac_cv_env_target_alias_value=
ac_cv_f77_compiler_gnu=yes
ac_cv_f77_dummy_main=none
ac_cv_f77_libs=' -L/usr/local/gfortran/lib/gcc/x86_64-apple-darwin18/8.2.0 -L/usr/local/gfortran/lib/gcc/x86_64-apple-darwin18/8.2.0/../../.. -lgfortran -lquadmath -lm'
ac_cv_f77_mangling='lower case, underscore, no extra underscore'
ac_cv_fortran_dummy_main=none
ac_cv_have_X86_ASM=no
ac_cv_have___builtin_clzl=no
ac_cv_header_dlfcn_h=yes
ac_cv_header_inttypes_h=yes
ac_cv_header_math_h=yes
ac_cv_header_memory_h=yes
ac_cv_header_stdc=yes
ac_cv_header_stdint_h=yes
ac_cv_header_stdlib_h=yes
ac_cv_header_string_h=yes
ac_cv_header_strings_h=yes
ac_cv_header_sys_stat_h=yes
ac_cv_header_sys_types_h=yes
ac_cv_header_unistd_h=yes
ac_cv_host=x86_64-apple-darwin18.2.0
ac_cv_objext=o
ac_cv_path_EGREP='/usr/bin/grep -E'
ac_cv_path_FGREP='/usr/bin/grep -F'
ac_cv_path_GREP=/usr/bin/grep
ac_cv_path_SED=/usr/bin/sed
ac_cv_path_install='/usr/bin/install -c'
ac_cv_path_lt_DD=/bin/dd
ac_cv_prog_AWK=awk
ac_cv_prog_CPP='gcc -E'
ac_cv_prog_CXXCPP='g++ -E'
ac_cv_prog_ac_ct_AR=ar
ac_cv_prog_ac_ct_CC=gcc
ac_cv_prog_ac_ct_CXX=g++
ac_cv_prog_ac_ct_DLLTOOL=dlltool
ac_cv_prog_ac_ct_DSYMUTIL=dsymutil
ac_cv_prog_ac_ct_F77=gfortran
ac_cv_prog_ac_ct_LIPO=lipo
ac_cv_prog_ac_ct_NMEDIT=nmedit
ac_cv_prog_ac_ct_OBJDUMP=objdump
ac_cv_prog_ac_ct_OTOOL=otool
ac_cv_prog_ac_ct_RANLIB=ranlib
ac_cv_prog_ac_ct_STRIP=strip
ac_cv_prog_cc_c89=
ac_cv_prog_cc_g=yes
ac_cv_prog_cxx_g=yes
ac_cv_prog_f77_g=yes
ac_cv_prog_f77_v=-v
ac_cv_prog_make_make_set=yes
am_cv_CC_dependencies_compiler_type=gcc3
am_cv_CXX_dependencies_compiler_type=gcc3
am_cv_ar_interface=ar
am_cv_make_support_nested_variables=yes
am_cv_prog_cc_c_o=yes
ax_cv_cxx_compile_cxx11=no
ax_cv_cxx_compile_cxx11__std_cpp11=yes
ax_cv_cxx_tr1_unordered_map=no
lt_cv_apple_cc_single_mod=yes
lt_cv_ar_at_file=no
lt_cv_deplibs_check_method=pass_all
lt_cv_file_magic_cmd='$MAGIC_CMD'
lt_cv_file_magic_test_file=
lt_cv_ld_exported_symbols_list=yes
lt_cv_ld_force_load=yes
lt_cv_ld_reload_flag=-r
lt_cv_nm_interface='BSD nm'
lt_cv_objdir=.libs
lt_cv_path_LD=/Library/Developer/CommandLineTools/usr/bin/ld
lt_cv_path_LDCXX=/Library/Developer/CommandLineTools/usr/bin/ld
lt_cv_path_NM='/usr/bin/nm -B'
lt_cv_path_mainfest_tool=no
lt_cv_prog_compiler_c_o=yes
lt_cv_prog_compiler_c_o_CXX=yes
lt_cv_prog_compiler_c_o_F77=yes
lt_cv_prog_compiler_pic='-fno-common -DPIC'
lt_cv_prog_compiler_pic_CXX='-fno-common -DPIC'
lt_cv_prog_compiler_pic_F77=-fno-common
lt_cv_prog_compiler_pic_works=yes
lt_cv_prog_compiler_pic_works_CXX=yes
lt_cv_prog_compiler_pic_works_F77=yes
lt_cv_prog_compiler_rtti_exceptions=yes
lt_cv_prog_compiler_static_works=no
lt_cv_prog_compiler_static_works_CXX=no
lt_cv_prog_compiler_static_works_F77=no
lt_cv_prog_gnu_ld=no
lt_cv_prog_gnu_ldcxx=no
lt_cv_sharedlib_from_linklib_cmd='printf %s\n'
lt_cv_sys_global_symbol_pipe='sed -n -e '\''s/^.*[	 ]\([BCDEGRST][BCDEGRST]*\)[	 ][	 ]*_\([_A-Za-z][_A-Za-z0-9]*\)$/\1 _\2 \2/p'\'' | sed '\''/ __gnu_lto/d'\'''
lt_cv_sys_global_symbol_to_c_name_address='sed -n -e '\''s/^: \(.*\) .*$/  {"\1", (void *) 0},/p'\'' -e '\''s/^[BCDEGRST][BCDEGRST]* .* \(.*\)$/  {"\1", (void *) \&\1},/p'\'''
lt_cv_sys_global_symbol_to_c_name_address_lib_prefix='sed -n -e '\''s/^: \(.*\) .*$/  {"\1", (void *) 0},/p'\'' -e '\''s/^[BCDEGRST][BCDEGRST]* .* \(lib.*\)$/  {"\1", (void *) \&\1},/p'\'' -e '\''s/^[BCDEGRST][BCDEGRST]* .* \(.*\)$/  {"lib\1", (void *) \&\1},/p'\'''
lt_cv_sys_global_symbol_to_cdecl='sed -n -e '\''s/^T .* \(.*\)$/extern int \1();/p'\'' -e '\''s/^[BCDEGRST][BCDEGRST]* .* \(.*\)$/extern char \1;/p'\'''
lt_cv_sys_global_symbol_to_import=
lt_cv_sys_max_cmd_len=196608
lt_cv_to_host_file_cmd=func_convert_file_noop
lt_cv_to_tool_file_cmd=func_convert_file_noop
lt_cv_truncate_bin='/bin/dd bs=4096 count=1'

## ----------------- ##
## Output variables. ##
## ----------------- ##

ACLOCAL='${SHELL} /Users/sunilmanandhar/Documents/SecurityResearch/iot-testing/Modeling/mitlm-master/build-aux/missing aclocal-1.15'
AMDEPBACKSLASH='\'
AMDEP_FALSE='#'
AMDEP_TRUE=''
AMTAR='$${TAR-tar}'
AM_BACKSLASH='\'
AM_DEFAULT_V='$(AM_DEFAULT_VERBOSITY)'
AM_DEFAULT_VERBOSITY='1'
AM_V='$(V)'
AR='ar'
AS='as'
AUTOCONF='${SHELL} /Users/sunilmanandhar/Documents/SecurityResearch/iot-testing/Modeling/mitlm-master/build-aux/missing autoconf'
AUTOHEADER='${SHELL} /Users/sunilmanandhar/Documents/SecurityResearch/iot-testing/Modeling/mitlm-master/build-aux/missing autoheader'
AUTOMAKE='${SHELL} /Users/sunilmanandhar/Documents/SecurityResearch/iot-testing/Modeling/mitlm-master/build-aux/missing automake-1.15'
AWK='awk'
CC='gcc'
CCDEPMODE='depmode=gcc3'
CFLAGS='-g -O2'
CPP='gcc -E'
CPPFLAGS=''
CXX='g++ -std=c++11'
CXXCPP='g++ -E -std=c++11'
CXXDEPMODE='depmode=gcc3'
CXXFLAGS='-g -O2'
CYGPATH_W='echo'
DEFS='-DPACKAGE_NAME=\"MIT\ Language\ Modeling\ Toolkit\" -DPACKAGE_TARNAME=\"mitlm\" -DPACKAGE_VERSION=\"0.4.2\" -DPACKAGE_STRING=\"MIT\ Language\ Modeling\ Toolkit\ 0.4.2\" -DPACKAGE_BUGREPORT=\"mitlm-dev@googlegroups.com\" -DPACKAGE_URL=\"\" -DPACKAGE=\"mitlm\" -DVERSION=\"0.4.2\" -DF77_FUNC\(name,NAME\)=name\ \#\#\ _ -DF77_FUNC_\(name,NAME\)=name\ \#\#\ _ -DSTDC_HEADERS=1 -DHAVE_SYS_TYPES_H=1 -DHAVE_SYS_STAT_H=1 -DHAVE_STDLIB_H=1 -DHAVE_STRING_H=1 -DHAVE_MEMORY_H=1 -DHAVE_STRINGS_H=1 -DHAVE_INTTYPES_H=1 -DHAVE_STDINT_H=1 -DHAVE_UNISTD_H=1 -DHAVE_DLFCN_H=1 -DLT_OBJDIR=\".libs/\" -DHAVE_STRING_H=1 -DHAVE_MATH_H=1 -DSTDC_HEADERS=1 -DHAVE_CXX11=1'
DEPDIR='.deps'
DLLTOOL='dlltool'
DSYMUTIL='dsymutil'
DUMPBIN=''
ECHO_C='\c'
ECHO_N=''
ECHO_T=''
EGREP='/usr/bin/grep -E'
EXEEXT=''
F77='gfortran'
FFLAGS='-g -O2'
FGREP='/usr/bin/grep -F'
FLIBS=' -L/usr/local/gfortran/lib/gcc/x86_64-apple-darwin18/8.2.0 -L/usr/local/gfortran/lib/gcc/x86_64-apple-darwin18/8.2.0/../../.. -lgfortran -lquadmath -lm'
GREP='/usr/bin/grep'
HAVE_CXX11='1'
INSTALL_DATA='${INSTALL} -m 644'
INSTALL_PROGRAM='${INSTALL}'
INSTALL_SCRIPT='${INSTALL}'
INSTALL_STRIP_PROGRAM='$(install_sh) -c -s'
LD='/Library/Developer/CommandLineTools/usr/bin/ld'
LDFLAGS=''
LIBOBJS=''
LIBS=''
LIBTOOL='$(SHELL) $(top_builddir)/libtool'
LIPO='lipo'
LN_S='ln -s'
LTLIBOBJS=''
LT_SYS_LIBRARY_PATH=''
MAINT=''
MAINTAINER_MODE_FALSE='#'
MAINTAINER_MODE_TRUE=''
MAKEINFO='${SHELL} /Users/sunilmanandhar/Documents/SecurityResearch/iot-testing/Modeling/mitlm-master/build-aux/missing makeinfo'
MANIFEST_TOOL=':'
MKDIR_P='build-aux/install-sh -c -d'
NM='/usr/bin/nm -B'
NMEDIT='nmedit'
OBJDUMP='objdump'
OBJEXT='o'
OTOOL64=':'
OTOOL='otool'
PACKAGE='mitlm'
PACKAGE_BUGREPORT='mitlm-dev@googlegroups.com'
PACKAGE_NAME='MIT Language Modeling Toolkit'
PACKAGE_STRING='MIT Language Modeling Toolkit 0.4.2'
PACKAGE_TARNAME='mitlm'
PACKAGE_URL=''
PACKAGE_VERSION='0.4.2'
PATH_SEPARATOR=':'
RANLIB='ranlib'
SED='/usr/bin/sed'
SET_MAKE=''
SHELL='/bin/sh'
STRIP='strip'
VERSION='0.4.2'
ac_ct_AR='ar'
ac_ct_CC='gcc'
ac_ct_CXX='g++'
ac_ct_DUMPBIN=''
ac_ct_F77='gfortran'
am__EXEEXT_FALSE=''
am__EXEEXT_TRUE='#'
am__fastdepCC_FALSE='#'
am__fastdepCC_TRUE=''
am__fastdepCXX_FALSE='#'
am__fastdepCXX_TRUE=''
am__include='include'
am__isrc=''
am__leading_dot='.'
am__nodep='_no'
am__quote=''
am__tar='$${TAR-tar} chof - "$$tardir"'
am__untar='$${TAR-tar} xf -'
bindir='${exec_prefix}/bin'
build='x86_64-apple-darwin18.2.0'
build_alias=''
build_cpu='x86_64'
build_os='darwin18.2.0'
build_vendor='apple'
datadir='${datarootdir}'
datarootdir='${prefix}/share'
docdir='${datarootdir}/doc/${PACKAGE_TARNAME}'
dvidir='${docdir}'
exec_prefix='${prefix}'
host='x86_64-apple-darwin18.2.0'
host_alias=''
host_cpu='x86_64'
host_os='darwin18.2.0'
host_vendor='apple'
htmldir='${docdir}'
includedir='${prefix}/include'
infodir='${datarootdir}/info'
install_sh='${SHELL} /Users/sunilmanandhar/Documents/SecurityResearch/iot-testing/Modeling/mitlm-master/build-aux/install-sh'
libdir='${exec_prefix}/lib'
libexecdir='${exec_prefix}/libexec'
localedir='${datarootdir}/locale'
localstatedir='${prefix}/var'
mandir='${datarootdir}/man'
mkdir_p='$(MKDIR_P)'
oldincludedir='/usr/include'
pdfdir='${docdir}'
prefix='/usr/local'
program_transform_name='s,x,x,'
psdir='${docdir}'
sbindir='${exec_prefix}/sbin'
sharedstatedir='${prefix}/com'
sysconfdir='${prefix}/etc'
target_alias=''

## ----------- ##
## confdefs.h. ##
## ----------- ##

/* confdefs.h */
#define PACKAGE_NAME "MIT Language Modeling Toolkit"
#define PACKAGE_TARNAME "mitlm"
#define PACKAGE_VERSION "0.4.2"
#define PACKAGE_STRING "MIT Language Modeling Toolkit 0.4.2"
#define PACKAGE_BUGREPORT "mitlm-dev@googlegroups.com"
#define PACKAGE_URL ""
#define PACKAGE "mitlm"
#define VERSION "0.4.2"
#define F77_FUNC(name,NAME) name ## _
#define F77_FUNC_(name,NAME) name ## _
#define STDC_HEADERS 1
#define HAVE_SYS_TYPES_H 1
#define HAVE_SYS_STAT_H 1
#define HAVE_STDLIB_H 1
#define HAVE_STRING_H 1
#define HAVE_MEMORY_H 1
#define HAVE_STRINGS_H 1
#define HAVE_INTTYPES_H 1
#define HAVE_STDINT_H 1
#define HAVE_UNISTD_H 1
#define HAVE_DLFCN_H 1
#define LT_OBJDIR ".libs/"
#define HAVE_STRING_H 1
#define HAVE_MATH_H 1
#define STDC_HEADERS 1
#define HAVE_CXX11 1

configure: exit 0
